<?xml version="1.0" encoding="utf-8"?><testsuites name="pytest tests"><testsuite name="pytest" errors="0" failures="0" skipped="0" tests="15" time="5.135" timestamp="2026-02-08T07:59:04.098210+00:00" hostname="agent-env-23bad0dc-17bd-415f-a5b2-f3f103673690"><testcase classname="backend.tests.test_otp_verification.TestOTPVerificationSystem" name="test_registration_creates_unverified_user" time="0.293" /><testcase classname="backend.tests.test_otp_verification.TestOTPVerificationSystem" name="test_registration_returns_verification_message" time="0.259" /><testcase classname="backend.tests.test_otp_verification.TestOTPVerificationSystem" name="test_login_returns_verification_status" time="0.494" /><testcase classname="backend.tests.test_otp_verification.TestOTPVerificationSystem" name="test_verification_status_endpoint" time="0.310" /><testcase classname="backend.tests.test_otp_verification.TestOTPVerificationSystem" name="test_resend_otp_endpoint" time="0.307" /><testcase classname="backend.tests.test_otp_verification.TestOTPVerificationSystem" name="test_resend_otp_requires_auth" time="0.072" /><testcase classname="backend.tests.test_otp_verification.TestOTPVerificationSystem" name="test_verify_email_invalid_otp" time="0.276" /><testcase classname="backend.tests.test_otp_verification.TestOTPVerificationSystem" name="test_verify_email_requires_auth" time="0.033" /><testcase classname="backend.tests.test_otp_verification.TestOTPVerificationSystem" name="test_admin_customers_endpoint" time="0.270" /><testcase classname="backend.tests.test_otp_verification.TestOTPVerificationSystem" name="test_admin_manual_verify_email" time="0.586" /><testcase classname="backend.tests.test_otp_verification.TestOTPVerificationSystem" name="test_admin_resend_otp" time="0.496" /><testcase classname="backend.tests.test_otp_verification.TestOTPVerificationSystem" name="test_admin_endpoints_require_admin_role" time="0.307" /><testcase classname="backend.tests.test_otp_verification.TestOTPVerificationSystem" name="test_admin_settings_has_firebase_config" time="0.273" /><testcase classname="backend.tests.test_otp_verification.TestOTPVerificationEdgeCases" name="test_already_verified_user_cannot_verify_again" time="0.553" /><testcase classname="backend.tests.test_otp_verification.TestOTPVerificationEdgeCases" name="test_resend_otp_for_verified_user_fails" time="0.545" /></testsuite></testsuites>