<?xml version="1.0" encoding="utf-8"?><testsuites name="pytest tests"><testsuite name="pytest" errors="0" failures="0" skipped="0" tests="18" time="41.554" timestamp="2026-02-22T12:22:00.652517+00:00" hostname="agent-env-611aec61-4441-465e-91ec-12f90d1c32ed"><testcase classname="tests.test_reviews.TestReviewsAPI" name="test_get_reviews_success" time="3.621" /><testcase classname="tests.test_reviews.TestReviewsAPI" name="test_get_reviews_pagination" time="2.039" /><testcase classname="tests.test_reviews.TestReviewsAPI" name="test_get_reviews_product_not_found" time="0.361" /><testcase classname="tests.test_reviews.TestReviewsAPI" name="test_get_reviews_sorting" time="5.951" /><testcase classname="tests.test_reviews.TestReviewsAPI" name="test_create_review_without_auth" time="0.117" /><testcase classname="tests.test_reviews.TestReviewsAPI" name="test_create_review_invalid_rating" time="1.677" /><testcase classname="tests.test_reviews.TestReviewsAPI" name="test_create_review_product_not_found" time="1.152" /><testcase classname="tests.test_reviews.TestReviewsAPI" name="test_create_review_success_and_verify_product_updated" time="3.038" /><testcase classname="tests.test_reviews.TestReviewsAPI" name="test_create_duplicate_review_rejected" time="1.406" /><testcase classname="tests.test_reviews.TestReviewsAPI" name="test_mark_review_helpful" time="4.534" /><testcase classname="tests.test_reviews.TestReviewsAPI" name="test_mark_review_not_helpful" time="4.297" /><testcase classname="tests.test_reviews.TestReviewsAPI" name="test_mark_review_helpful_not_found" time="0.342" /><testcase classname="tests.test_reviews.TestReviewsAPI" name="test_delete_review_without_auth" time="2.069" /><testcase classname="tests.test_reviews.TestReviewsAPI" name="test_delete_review_customer_forbidden" time="2.993" /><testcase classname="tests.test_reviews.TestReviewsAPI" name="test_delete_review_admin_success" time="5.787" /><testcase classname="tests.test_reviews.TestReviewsAPI" name="test_delete_review_not_found" time="1.153" /><testcase classname="tests.test_reviews.TestReviewsAPI" name="test_product_displays_average_rating" time="0.344" /><testcase classname="tests.test_reviews.TestReviewsAPI" name="test_products_list_includes_ratings" time="0.586" /></testsuite></testsuites>