<?xml version="1.0" encoding="utf-8"?><testsuites name="pytest tests"><testsuite name="pytest" errors="0" failures="0" skipped="0" tests="11" time="1.633" timestamp="2026-02-05T17:41:01.806754+00:00" hostname="agent-env-23bad0dc-17bd-415f-a5b2-f3f103673690"><testcase classname="tests.test_cart_enquiry.TestCartEnquiryFeature" name="test_settings_show_payments_disabled" time="0.087" /><testcase classname="tests.test_cart_enquiry.TestCartEnquiryFeature" name="test_cart_enquiry_endpoint_exists" time="0.041" /><testcase classname="tests.test_cart_enquiry.TestCartEnquiryFeature" name="test_products_endpoint" time="0.044" /><testcase classname="tests.test_cart_enquiry.TestCartEnquiryFeature" name="test_categories_endpoint" time="0.040" /><testcase classname="tests.test_cart_enquiry.TestCartFunctionality" name="test_add_to_cart" time="0.079" /><testcase classname="tests.test_cart_enquiry.TestCartFunctionality" name="test_get_cart" time="0.114" /><testcase classname="tests.test_cart_enquiry.TestCartFunctionality" name="test_update_cart_quantity" time="0.106" /><testcase classname="tests.test_cart_enquiry.TestCartFunctionality" name="test_remove_from_cart" time="0.105" /><testcase classname="tests.test_cart_enquiry.TestAdminLogin" name="test_admin_login" time="0.269" /><testcase classname="tests.test_cart_enquiry.TestAdminLogin" name="test_admin_can_access_settings" time="0.295" /><testcase classname="tests.test_cart_enquiry.TestEnquirySubmission" name="test_submit_cart_enquiry_authenticated" time="0.332" /></testsuite></testsuites>