<?xml version="1.0" encoding="utf-8"?><testsuites name="pytest tests"><testsuite name="pytest" errors="0" failures="0" skipped="0" tests="13" time="3.537" timestamp="2026-02-07T16:25:02.109377+00:00" hostname="agent-env-23bad0dc-17bd-415f-a5b2-f3f103673690"><testcase classname="backend.tests.test_account_features.TestCustomerAuthentication" name="test_customer_login_success" time="0.651" /><testcase classname="backend.tests.test_account_features.TestCustomerAuthentication" name="test_customer_login_invalid_credentials" time="0.258" /><testcase classname="backend.tests.test_account_features.TestAdminAuthentication" name="test_admin_login_success" time="0.264" /><testcase classname="backend.tests.test_account_features.TestProfileUpdate" name="test_profile_update_requires_auth" time="0.034" /><testcase classname="backend.tests.test_account_features.TestProfileUpdate" name="test_customer_profile_update_name" time="0.301" /><testcase classname="backend.tests.test_account_features.TestProfileUpdate" name="test_customer_profile_update_phone" time="0.293" /><testcase classname="backend.tests.test_account_features.TestProfileUpdate" name="test_customer_profile_update_both" time="0.296" /><testcase classname="backend.tests.test_account_features.TestProfileUpdate" name="test_admin_profile_update" time="0.334" /><testcase classname="backend.tests.test_account_features.TestOrdersEndpoint" name="test_orders_requires_auth" time="0.036" /><testcase classname="backend.tests.test_account_features.TestOrdersEndpoint" name="test_customer_can_get_orders" time="0.292" /><testcase classname="backend.tests.test_account_features.TestOrdersEndpoint" name="test_orders_pagination" time="0.296" /><testcase classname="backend.tests.test_account_features.TestAuthMeEndpoint" name="test_auth_me_requires_auth" time="0.032" /><testcase classname="backend.tests.test_account_features.TestAuthMeEndpoint" name="test_auth_me_returns_user_data" time="0.293" /></testsuite></testsuites>