<?xml version="1.0" encoding="utf-8"?><testsuites name="pytest tests"><testsuite name="pytest" errors="0" failures="0" skipped="0" tests="10" time="14.453" timestamp="2026-02-22T11:17:02.790389+00:00" hostname="agent-env-611aec61-4441-465e-91ec-12f90d1c32ed"><testcase classname="backend.tests.test_price_toggle.TestPriceToggleFeature" name="test_get_public_settings_includes_show_prices" time="2.397" /><testcase classname="backend.tests.test_price_toggle.TestPriceToggleFeature" name="test_get_erp_settings_includes_show_prices" time="1.152" /><testcase classname="backend.tests.test_price_toggle.TestPriceToggleFeature" name="test_update_erp_settings_show_prices_false" time="0.935" /><testcase classname="backend.tests.test_price_toggle.TestPriceToggleFeature" name="test_update_erp_settings_show_prices_true" time="0.969" /><testcase classname="backend.tests.test_price_toggle.TestPriceToggleFeature" name="test_erp_settings_requires_authentication" time="0.222" /><testcase classname="backend.tests.test_price_toggle.TestPriceToggleFeature" name="test_products_list_works_regardless_of_price_setting" time="1.761" /><testcase classname="backend.tests.test_price_toggle.TestPriceToggleFeature" name="test_single_product_works_regardless_of_price_setting" time="2.171" /><testcase classname="backend.tests.test_price_toggle.TestPriceToggleFeature" name="test_cart_enquiry_api_exists" time="1.079" /><testcase classname="backend.tests.test_price_toggle.TestPriceToggleIntegration" name="test_toggle_state_consistency" time="2.698" /><testcase classname="backend.tests.test_price_toggle.TestPriceToggleIntegration" name="test_final_state_reset_to_true" time="0.923" /></testsuite></testsuites>