<?xml version="1.0" encoding="utf-8"?><testsuites name="pytest tests"><testsuite name="pytest" errors="0" failures="0" skipped="0" tests="10" time="14.148" timestamp="2026-02-22T11:39:20.164708+00:00" hostname="agent-env-611aec61-4441-465e-91ec-12f90d1c32ed"><testcase classname="backend.tests.test_notifications.TestNotificationsAPI" name="test_get_notifications_requires_auth" time="0.693" /><testcase classname="backend.tests.test_notifications.TestNotificationsAPI" name="test_get_notifications_success" time="1.383" /><testcase classname="backend.tests.test_notifications.TestNotificationsAPI" name="test_get_notifications_unread_only" time="1.385" /><testcase classname="backend.tests.test_notifications.TestNotificationsAPI" name="test_mark_notification_read_requires_auth" time="0.664" /><testcase classname="backend.tests.test_notifications.TestNotificationsAPI" name="test_mark_notification_read_not_found" time="1.165" /><testcase classname="backend.tests.test_notifications.TestNotificationsAPI" name="test_mark_all_read_requires_auth" time="0.718" /><testcase classname="backend.tests.test_notifications.TestNotificationsAPI" name="test_mark_all_read_success" time="2.021" /><testcase classname="backend.tests.test_notifications.TestNotificationCreation" name="test_user_registration_creates_notification" time="2.449" /><testcase classname="backend.tests.test_notifications.TestNotificationCreation" name="test_cart_enquiry_creates_notification" time="2.235" /><testcase classname="backend.tests.test_notifications.TestNotificationStructure" name="test_notification_has_required_fields" time="1.383" /></testsuite></testsuites>