<?xml version="1.0" encoding="utf-8"?><testsuites name="pytest tests"><testsuite name="pytest" errors="0" failures="0" skipped="0" tests="14" time="9.266" timestamp="2026-02-22T11:46:27.877033+00:00" hostname="agent-env-611aec61-4441-465e-91ec-12f90d1c32ed"><testcase classname="backend.tests.test_new_features.TestEmergentGoogleOAuth" name="test_emergent_session_endpoint_exists" time="0.123" /><testcase classname="backend.tests.test_new_features.TestEmergentGoogleOAuth" name="test_emergent_session_requires_session_id" time="0.101" /><testcase classname="backend.tests.test_new_features.TestEmergentGoogleOAuth" name="test_emergent_session_handles_invalid_session" time="0.188" /><testcase classname="backend.tests.test_new_features.TestAddressManagement" name="test_addresses_endpoint_requires_auth" time="0.097" /><testcase classname="backend.tests.test_new_features.TestAddressManagement" name="test_add_address" time="1.151" /><testcase classname="backend.tests.test_new_features.TestAddressManagement" name="test_get_user_with_addresses" time="0.496" /><testcase classname="backend.tests.test_new_features.TestAddressManagement" name="test_add_multiple_addresses" time="0.922" /><testcase classname="backend.tests.test_new_features.TestAddressManagement" name="test_update_address" time="1.265" /><testcase classname="backend.tests.test_new_features.TestAddressManagement" name="test_delete_address" time="1.300" /><testcase classname="backend.tests.test_new_features.TestAddressManagement" name="test_set_default_address" time="0.924" /><testcase classname="backend.tests.test_new_features.TestProductImages" name="test_product_has_images_field" time="0.570" /><testcase classname="backend.tests.test_new_features.TestProductImages" name="test_single_product_images" time="0.926" /><testcase classname="backend.tests.test_new_features.TestUserLogin" name="test_admin_login" time="0.561" /><testcase classname="backend.tests.test_new_features.TestUserLogin" name="test_customer_login" time="0.590" /></testsuite></testsuites>