<?xml version="1.0" encoding="utf-8"?><testsuites name="pytest tests"><testsuite name="pytest" errors="0" failures="0" skipped="0" tests="28" time="8.737" timestamp="2026-02-08T08:52:32.993119+00:00" hostname="agent-env-b6aa6d37-58e4-4cbc-947e-b6f02e75e541"><testcase classname="backend.tests.test_erp_features.TestAdminLogin" name="test_admin_login_success" time="0.352" /><testcase classname="backend.tests.test_erp_features.TestAdminLogin" name="test_admin_login_invalid_credentials" time="0.037" /><testcase classname="backend.tests.test_erp_features.TestERPDashboardKPIs" name="test_get_dashboard_kpis" time="0.306" /><testcase classname="backend.tests.test_erp_features.TestERPDashboardKPIs" name="test_dashboard_kpis_requires_auth" time="0.292" /><testcase classname="backend.tests.test_erp_features.TestERPOrders" name="test_get_erp_orders" time="0.294" /><testcase classname="backend.tests.test_erp_features.TestERPOrders" name="test_get_erp_orders_with_pagination" time="0.295" /><testcase classname="backend.tests.test_erp_features.TestERPOrders" name="test_get_order_timeline" time="0.325" /><testcase classname="backend.tests.test_erp_features.TestInvoiceManagement" name="test_get_invoices" time="0.290" /><testcase classname="backend.tests.test_erp_features.TestInvoiceManagement" name="test_get_invoices_with_status_filter" time="0.354" /><testcase classname="backend.tests.test_erp_features.TestInvoiceManagement" name="test_create_invoice_from_order" time="0.297" /><testcase classname="backend.tests.test_erp_features.TestInvoiceManagement" name="test_get_single_invoice" time="0.370" /><testcase classname="backend.tests.test_erp_features.TestInvoiceManagement" name="test_download_invoice_pdf" time="0.375" /><testcase classname="backend.tests.test_erp_features.TestInvoiceManagement" name="test_record_payment" time="0.335" /><testcase classname="backend.tests.test_erp_features.TestReportsGeneration" name="test_generate_sales_report" time="0.333" /><testcase classname="backend.tests.test_erp_features.TestReportsGeneration" name="test_generate_invoice_report" time="0.329" /><testcase classname="backend.tests.test_erp_features.TestReportsGeneration" name="test_generate_payments_report" time="0.295" /><testcase classname="backend.tests.test_erp_features.TestReportsGeneration" name="test_generate_products_report" time="0.307" /><testcase classname="backend.tests.test_erp_features.TestReportsGeneration" name="test_generate_customers_report" time="0.292" /><testcase classname="backend.tests.test_erp_features.TestReportsGeneration" name="test_generate_stock_report" time="0.293" /><testcase classname="backend.tests.test_erp_features.TestReportsGeneration" name="test_export_report_csv" time="0.289" /><testcase classname="backend.tests.test_erp_features.TestERPSettings" name="test_get_erp_settings" time="0.291" /><testcase classname="backend.tests.test_erp_features.TestERPSettings" name="test_update_erp_settings" time="0.357" /><testcase classname="backend.tests.test_erp_features.TestERPSettings" name="test_erp_settings_requires_admin" time="0.289" /><testcase classname="backend.tests.test_erp_features.TestCustomerERPView" name="test_get_customers_list" time="0.307" /><testcase classname="backend.tests.test_erp_features.TestCustomerERPView" name="test_get_customers_filtered_high_value" time="0.308" /><testcase classname="backend.tests.test_erp_features.TestCustomerERPView" name="test_get_customers_filtered_pending_payments" time="0.303" /><testcase classname="backend.tests.test_erp_features.TestCustomerERPView" name="test_get_customer_detail" time="0.327" /><testcase classname="backend.tests.test_erp_features.TestIntegration" name="test_dashboard_to_invoice_flow" time="0.330" /></testsuite></testsuites>